c:\users\otche\source\repos\mazetest\x64\debug\mazelib.pdb
c:\users\otche\source\repos\mazetest\x64\debug\mazelib.idb
c:\users\otche\source\repos\mazetest\mazelib\x64\debug\wall.obj
c:\users\otche\source\repos\mazetest\mazelib\x64\debug\mobs.obj
c:\users\otche\source\repos\mazetest\mazelib\x64\debug\maze.obj
c:\users\otche\source\repos\mazetest\mazelib\x64\debug\landscape.obj
c:\users\otche\source\repos\mazetest\mazelib\x64\debug\herocell.obj
c:\users\otche\source\repos\mazetest\mazelib\x64\debug\hero.obj
c:\users\otche\source\repos\mazetest\mazelib\x64\debug\game.obj
c:\users\otche\source\repos\mazetest\mazelib\x64\debug\exit.obj
c:\users\otche\source\repos\mazetest\mazelib\x64\debug\coin.obj
c:\users\otche\source\repos\mazetest\mazelib\x64\debug\cell.obj
c:\users\otche\source\repos\mazetest\x64\debug\mazelib.lib
c:\users\otche\source\repos\mazetest\mazelib\x64\debug\mazelib.tlog\cl.command.1.tlog
c:\users\otche\source\repos\mazetest\mazelib\x64\debug\mazelib.tlog\cl.items.tlog
c:\users\otche\source\repos\mazetest\mazelib\x64\debug\mazelib.tlog\cl.read.1.tlog
c:\users\otche\source\repos\mazetest\mazelib\x64\debug\mazelib.tlog\cl.write.1.tlog
c:\users\otche\source\repos\mazetest\mazelib\x64\debug\mazelib.tlog\lib-link.read.1.tlog
c:\users\otche\source\repos\mazetest\mazelib\x64\debug\mazelib.tlog\lib-link.write.1.tlog
c:\users\otche\source\repos\mazetest\mazelib\x64\debug\mazelib.tlog\lib.command.1.tlog
